# JRE version: OpenJDK Runtime Environment (24.0.2+12) (build 24.0.2+12-54)
# Java VM: OpenJDK 64-Bit Server VM (24.0.2+12-54, mixed mode, emulated-client, sharing, tiered, compressed oops, compressed class ptrs, g1 gc, linux-amd64)
GC Precious Log:
 CardTable entry size: 512
 Card Set container configuration: InlinePtr #cards 4 size 8 Array Of Cards #cards 16 size 48 Howl #buckets 8 coarsen threshold 3686 Howl Bitmap #cards 512 size 80 coarsen threshold 460 Card regions per heap region 1 cards per card region 4096
 CPUs: 12 total, 12 available
 Memory: 15830M
 Large Page Support: Disabled
 NUMA Support: Disabled
 Compressed Oops: Enabled (Zero based)
 Heap Region Size: 2M
 Heap Min Capacity: 8M
 Heap Initial Capacity: 248M
 Heap Max Capacity: 3958M
 Pre-touch: Disabled
 Parallel Workers: 10
 Concurrent Workers: 3
 Concurrent Refinement Workers: 10
 Periodic GC: Disabled
Heap:
 garbage-first heap   total reserved 4052992K, committed 63488K, used 46607K [0x0000000708a00000, 0x0000000800000000)
  region size 2048K, 13 young (26624K), 1 survivors (2048K)
 Metaspace       used 45118K, committed 45696K, reserved 1114112K
  class space    used 5379K, committed 5632K, reserved 1048576K
GC Heap History (20 events):
Event: 0.554 GC heap before
{Heap before GC invocations=0 (full 0):
 garbage-first heap   total reserved 4052992K, committed 256000K, used 48229K [0x0000000708a00000, 0x0000000800000000)
  region size 2048K, 24 young (49152K), 0 survivors (0K)
 Metaspace       used 11691K, committed 12032K, reserved 1114112K
  class space    used 1278K, committed 1408K, reserved 1048576K
}
Event: 0.558 GC heap after
{Heap after GC invocations=1 (full 0):
 garbage-first heap   total reserved 4052992K, committed 256000K, used 7915K [0x0000000708a00000, 0x0000000800000000)
  region size 2048K, 3 young (6144K), 3 survivors (6144K)
 Metaspace       used 11691K, committed 12032K, reserved 1114112K
  class space    used 1278K, committed 1408K, reserved 1048576K
}
Event: 0.753 GC heap before
{Heap before GC invocations=1 (full 0):
 garbage-first heap   total reserved 4052992K, committed 256000K, used 48875K [0x0000000708a00000, 0x0000000800000000)
  region size 2048K, 24 young (49152K), 3 survivors (6144K)
 Metaspace       used 21189K, committed 21504K, reserved 1114112K
  class space    used 2409K, committed 2560K, reserved 1048576K
}
Event: 0.756 GC heap after
{Heap after GC invocations=2 (full 0):
 garbage-first heap   total reserved 4052992K, committed 256000K, used 11300K [0x0000000708a00000, 0x0000000800000000)
  region size 2048K, 5 young (10240K), 5 survivors (10240K)
 Metaspace       used 21189K, committed 21504K, reserved 1114112K
  class space    used 2409K, committed 2560K, reserved 1048576K
}
Event: 1.031 GC heap before
{Heap before GC invocations=3 (full 0):
 garbage-first heap   total reserved 4052992K, committed 49152K, used 46116K [0x0000000708a00000, 0x0000000800000000)
  region size 2048K, 22 young (45056K), 5 survivors (10240K)
 Metaspace       used 25318K, committed 25664K, reserved 1114112K
  class space    used 2857K, committed 3008K, reserved 1048576K
}
Event: 1.035 GC heap after
{Heap after GC invocations=4 (full 0):
 garbage-first heap   total reserved 4052992K, committed 63488K, used 14816K [0x0000000708a00000, 0x0000000800000000)
  region size 2048K, 7 young (14336K), 7 survivors (14336K)
 Metaspace       used 25318K, committed 25664K, reserved 1114112K
  class space    used 2857K, committed 3008K, reserved 1048576K
}
Event: 1.155 GC heap before
{Heap before GC invocations=4 (full 0):
 garbage-first heap   total reserved 4052992K, committed 63488K, used 37344K [0x0000000708a00000, 0x0000000800000000)
  region size 2048K, 18 young (36864K), 7 survivors (14336K)
 Metaspace       used 28012K, committed 28416K, reserved 1114112K
  class space    used 3191K, committed 3392K, reserved 1048576K
}
Event: 1.161 GC heap after
{Heap after GC invocations=5 (full 0):
 garbage-first heap   total reserved 4052992K, committed 63488K, used 17335K [0x0000000708a00000, 0x0000000800000000)
  region size 2048K, 2 young (4096K), 2 survivors (4096K)
 Metaspace       used 28012K, committed 28416K, reserved 1114112K
  class space    used 3191K, committed 3392K, reserved 1048576K
}
Event: 1.315 GC heap before
{Heap before GC invocations=5 (full 0):
 garbage-first heap   total reserved 4052992K, committed 63488K, used 43959K [0x0000000708a00000, 0x0000000800000000)
  region size 2048K, 15 young (30720K), 2 survivors (4096K)
 Metaspace       used 32440K, committed 32896K, reserved 1114112K
  class space    used 3753K, committed 3968K, reserved 1048576K
}
Event: 1.316 GC heap after
{Heap after GC invocations=6 (full 0):
 garbage-first heap   total reserved 4052992K, committed 63488K, used 18633K [0x0000000708a00000, 0x0000000800000000)
  region size 2048K, 2 young (4096K), 2 survivors (4096K)
 Metaspace       used 32440K, committed 32896K, reserved 1114112K
  class space    used 3753K, committed 3968K, reserved 1048576K
}
Event: 1.388 GC heap before
{Heap before GC invocations=6 (full 0):
 garbage-first heap   total reserved 4052992K, committed 63488K, used 32969K [0x0000000708a00000, 0x0000000800000000)
  region size 2048K, 10 young (20480K), 2 survivors (4096K)
 Metaspace       used 35620K, committed 36096K, reserved 1114112K
  class space    used 4188K, committed 4352K, reserved 1048576K
}
Event: 1.390 GC heap after
{Heap after GC invocations=7 (full 0):
 garbage-first heap   total reserved 4052992K, committed 63488K, used 19824K [0x0000000708a00000, 0x0000000800000000)
  region size 2048K, 1 young (2048K), 1 survivors (2048K)
 Metaspace       used 35620K, committed 36096K, reserved 1114112K
  class space    used 4188K, committed 4352K, reserved 1048576K
}
Event: 1.660 GC heap before
{Heap before GC invocations=8 (full 0):
 garbage-first heap   total reserved 4052992K, committed 63488K, used 48496K [0x0000000708a00000, 0x0000000800000000)
  region size 2048K, 15 young (30720K), 1 survivors (2048K)
 Metaspace       used 39864K, committed 40384K, reserved 1114112K
  class space    used 4722K, committed 4928K, reserved 1048576K
}
Event: 1.661 GC heap after
{Heap after GC invocations=9 (full 0):
 garbage-first heap   total reserved 4052992K, committed 63488K, used 22671K [0x0000000708a00000, 0x0000000800000000)
  region size 2048K, 2 young (4096K), 2 survivors (4096K)
 Metaspace       used 39864K, committed 40384K, reserved 1114112K
  class space    used 4722K, committed 4928K, reserved 1048576K
}
Event: 41.492 GC heap before
{Heap before GC invocations=9 (full 0):
 garbage-first heap   total reserved 4052992K, committed 63488K, used 51343K [0x0000000708a00000, 0x0000000800000000)
  region size 2048K, 16 young (32768K), 2 survivors (4096K)
 Metaspace       used 45046K, committed 45696K, reserved 1114112K
  class space    used 5360K, committed 5632K, reserved 1048576K
}
Event: 41.498 GC heap after
{Heap after GC invocations=10 (full 0):
 garbage-first heap   total reserved 4052992K, committed 63488K, used 24269K [0x0000000708a00000, 0x0000000800000000)
  region size 2048K, 1 young (2048K), 1 survivors (2048K)
 Metaspace       used 45046K, committed 45696K, reserved 1114112K
  class space    used 5360K, committed 5632K, reserved 1048576K
}
Event: 432.714 GC heap before
{Heap before GC invocations=10 (full 0):
 garbage-first heap   total reserved 4052992K, committed 63488K, used 52941K [0x0000000708a00000, 0x0000000800000000)
  region size 2048K, 15 young (30720K), 1 survivors (2048K)
 Metaspace       used 45068K, committed 45696K, reserved 1114112K
  class space    used 5366K, committed 5632K, reserved 1048576K
}
Event: 432.718 GC heap after
{Heap after GC invocations=11 (full 0):
 garbage-first heap   total reserved 4052992K, committed 63488K, used 24075K [0x0000000708a00000, 0x0000000800000000)
  region size 2048K, 1 young (2048K), 1 survivors (2048K)
 Metaspace       used 45068K, committed 45696K, reserved 1114112K
  class space    used 5366K, committed 5632K, reserved 1048576K
}
Event: 861.490 GC heap before
{Heap before GC invocations=11 (full 0):
 garbage-first heap   total reserved 4052992K, committed 63488K, used 54795K [0x0000000708a00000, 0x0000000800000000)
  region size 2048K, 16 young (32768K), 1 survivors (2048K)
 Metaspace       used 45068K, committed 45696K, reserved 1114112K
  class space    used 5366K, committed 5632K, reserved 1048576K
}
Event: 861.493 GC heap after
{Heap after GC invocations=12 (full 0):
 garbage-first heap   total reserved 4052992K, committed 63488K, used 24079K [0x0000000708a00000, 0x0000000800000000)
  region size 2048K, 1 young (2048K), 1 survivors (2048K)
 Metaspace       used 45068K, committed 45696K, reserved 1114112K
  class space    used 5366K, committed 5632K, reserved 1048576K
}

